<?xml version="1.0" encoding="UTF-8"?>
<!-- Generated by org.testng.reporters.JUnitXMLReporter -->
<testsuite ignored="0" hostname="cvg-000211M-090" failures="2" tests="10" name="TestAllTest" time="6.518" errors="0" timestamp="14 Dec 2018 13:59:37 GMT">
  <testcase classname="whTestPkg.WandaTestExample" name="sampleTest0" time="0.007"/>
  <testcase classname="whTestPkg.WandaTestExample" name="sampleTest1" time="0.001"/>
  <testcase classname="whTestPkg.WandaTestExample" name="sampleTest2" time="0.001"/>
  <testcase classname="whTestPkg.WandaTestExample" name="sampleTest4" time="0.001"/>
  <testcase classname="whTestPkg.WandaTestExample" name="whTestReport" time="0.012"/>
  <testcase classname="whTestPkg.tstGoogleSearch" name="googleSearch" time="2.145"/>
  <testcase classname="whTestPkg.tstGoogleSearch" name="sampleTest0" time="0.001"/>
  <testcase classname="whTestPkg.tstGoogleSearch" name="sampleTest1" time="0.002">
    <failure type="java.lang.AssertionError" message="expected [true] but found [false]">
      <![CDATA[java.lang.AssertionError: expected [true] but found [false]
at whTestPkg.tstGoogleSearch.sampleTest1(tstGoogleSearch.java:49)
... Removed 29 stack frames]]>
    </failure>
  </testcase> <!-- sampleTest1 -->
  <testcase classname="whTestPkg.tstGoogleSearch" name="sampleTest2" time="0.001"/>
  <testcase classname="whTestPkg.tstGoogleSearch" name="sampleTest4" time="0.0">
    <failure type="java.lang.AssertionError" message="expected [true] but found [false]">
      <![CDATA[java.lang.AssertionError: expected [true] but found [false]
at whTestPkg.tstGoogleSearch.sampleTest4(tstGoogleSearch.java:59)
... Removed 29 stack frames]]>
    </failure>
  </testcase> <!-- sampleTest4 -->
</testsuite> <!-- TestAllTest -->
