<?xml version="1.0" encoding="UTF-8"?>
<testng-results ignored="0" total="5" passed="5" failed="0" skipped="0">
  <reporter-output>
  </reporter-output>
  <suite started-at="2018-12-08T10:02:38Z" name="Default suite" finished-at="2018-12-08T10:02:39Z" duration-ms="61">
    <groups>
    </groups>
    <test started-at="2018-12-08T10:02:38Z" name="Default test" finished-at="2018-12-08T10:02:39Z" duration-ms="61">
      <class name="whTestPkg.TestAllPassAssertions">
        <test-method is-config="true" signature="setUP()[pri:0, instance:whTestPkg.TestAllPassAssertions@175b9425]" started-at="2018-12-08T10:02:38Z" name="setUP" finished-at="2018-12-08T10:02:38Z" duration-ms="14" status="PASS">
          <reporter-output>
          </reporter-output>
        </test-method> <!-- setUP -->
        <test-method signature="sampleTest0()[pri:0, instance:whTestPkg.TestAllPassAssertions@175b9425]" started-at="2018-12-08T10:02:38Z" name="sampleTest0" finished-at="2018-12-08T10:02:39Z" duration-ms="10" status="PASS">
          <reporter-output>
          </reporter-output>
        </test-method> <!-- sampleTest0 -->
        <test-method signature="sampleTest1()[pri:0, instance:whTestPkg.TestAllPassAssertions@175b9425]" started-at="2018-12-08T10:02:39Z" name="sampleTest1" finished-at="2018-12-08T10:02:39Z" duration-ms="2" status="PASS">
          <reporter-output>
          </reporter-output>
        </test-method> <!-- sampleTest1 -->
        <test-method signature="sampleTest2()[pri:0, instance:whTestPkg.TestAllPassAssertions@175b9425]" started-at="2018-12-08T10:02:39Z" name="sampleTest2" finished-at="2018-12-08T10:02:39Z" duration-ms="1" status="PASS">
          <reporter-output>
          </reporter-output>
        </test-method> <!-- sampleTest2 -->
        <test-method signature="sampleTest4()[pri:0, instance:whTestPkg.TestAllPassAssertions@175b9425]" started-at="2018-12-08T10:02:39Z" name="sampleTest4" finished-at="2018-12-08T10:02:39Z" duration-ms="1" status="PASS">
          <reporter-output>
          </reporter-output>
        </test-method> <!-- sampleTest4 -->
        <test-method signature="whTestReport()[pri:0, instance:whTestPkg.TestAllPassAssertions@175b9425]" started-at="2018-12-08T10:02:39Z" name="whTestReport" finished-at="2018-12-08T10:02:39Z" duration-ms="1" status="PASS">
          <reporter-output>
          </reporter-output>
        </test-method> <!-- whTestReport -->
        <test-method is-config="true" signature="tearDown()[pri:0, instance:whTestPkg.TestAllPassAssertions@175b9425]" started-at="2018-12-08T10:02:39Z" name="tearDown" finished-at="2018-12-08T10:02:39Z" duration-ms="0" status="PASS">
          <reporter-output>
          </reporter-output>
        </test-method> <!-- tearDown -->
      </class> <!-- whTestPkg.TestAllPassAssertions -->
    </test> <!-- Default test -->
  </suite> <!-- Default suite -->
</testng-results>
