<?xml version="1.0" encoding="UTF-8"?>
<!-- Generated by org.testng.reporters.JUnitXMLReporter -->
<testsuite ignored="0" hostname="cvg-000211M-090" failures="0" tests="2" name="Default test" time="1.401" errors="0" timestamp="14 Dec 2018 13:51:41 GMT">
  <testcase classname="wandaRestAssuredTest.TestRestAssuredExample" name="testLogging" time="1.221"/>
  <testcase classname="wandaRestAssuredTest.TestRestAssuredExample" name="testStatusCode" time="0.16"/>
</testsuite> <!-- Default test -->
