<?xml version="1.0" encoding="UTF-8"?>
<!-- Generated by org.testng.reporters.JUnitXMLReporter -->
<testsuite ignored="0" hostname="cvg-000211M-090" failures="0" tests="5" name="Default test" time="0.061" errors="0" timestamp="08 Dec 2018 10:02:39 GMT">
  <testcase classname="whTestPkg.TestAllPassAssertions" name="sampleTest0" time="0.01"/>
  <testcase classname="whTestPkg.TestAllPassAssertions" name="sampleTest1" time="0.002"/>
  <testcase classname="whTestPkg.TestAllPassAssertions" name="sampleTest2" time="0.001"/>
  <testcase classname="whTestPkg.TestAllPassAssertions" name="sampleTest4" time="0.001"/>
  <testcase classname="whTestPkg.TestAllPassAssertions" name="whTestReport" time="0.001"/>
</testsuite> <!-- Default test -->
