<?xml version="1.0" encoding="UTF-8"?>
<!-- Generated by org.testng.reporters.JUnitXMLReporter -->
<testsuite ignored="0" hostname="cvg-000211M-090" failures="0" tests="5" name="WandaTestExample" time="0.394" errors="0" timestamp="11 Dec 2018 19:44:02 GMT">
  <testcase classname="whTestPkg.WandaTestExample" name="sampleTest0" time="0.005"/>
  <testcase classname="whTestPkg.WandaTestExample" name="sampleTest1" time="0.001"/>
  <testcase classname="whTestPkg.WandaTestExample" name="sampleTest2" time="0.001"/>
  <testcase classname="whTestPkg.WandaTestExample" name="sampleTest4" time="0.001"/>
  <testcase classname="whTestPkg.WandaTestExample" name="whTestReport" time="0.014"/>
</testsuite> <!-- WandaTestExample -->
